<?xml version="1.0" encoding="UTF-8"?><testsuite errors="1" failures="0" name="HU-01 Buscador Nike" skipped="0" tests="1" time="54.59" timestamp="2021-12-08 10:25:52"><testcase name="Buscar producto"><error message="no such element: Unable to locate element: {&quot;method&quot;:&quot;xpath&quot;,&quot;selector&quot;:&quot;//a[@class='ui-search-item__group__element ui-search-link']//h2[contains(text(),'Wildhorse 7 Calzado de trail running para hombre')]&quot;}&#10;  (Session info: chrome=96.0.4664.93)&#10;For documentation on this error, please visit: https://www.seleniumhq.org/exceptions/no_such_element.html&#10;Build info: version: '3.141.59', revision: 'e82be7d358', time: '2018-11-14T08:17:03'&#10;System info: host: 'LAPTOP-2KJNJ8HI', ip: '192.168.43.81', os.name: 'Windows 10', os.arch: 'amd64', os.version: '10.0', java.version: '11.0.13'&#10;Driver info: org.openqa.selenium.chrome.ChromeDriver&#10;Capabilities {acceptInsecureCerts: false, browserName: chrome, browserVersion: 96.0.4664.93, chrome: {chromedriverVersion: 96.0.4664.45 (76e4c1bb2ab46..., userDataDir: C:\Users\Angie\AppData\Loca...}, goog:chromeOptions: {debuggerAddress: localhost:61580}, javascriptEnabled: true, networkConnectionEnabled: false, pageLoadStrategy: normal, platform: WINDOWS, platformName: WINDOWS, proxy: Proxy(), setWindowRect: true, strictFileInteractability: false, timeouts: {implicit: 0, pageLoad: 300000, script: 30000}, unhandledPromptBehavior: dismiss and notify, webauthn:extension:credBlob: true, webauthn:extension:largeBlob: true, webauthn:virtualAuthenticators: true}&#10;Session ID: d6f9d43e010dc63ee29d539bcaef711b&#10;*** Element info: {Using=xpath, value=//a[@class='ui-search-item__group__element ui-search-link']//h2[contains(text(),'Wildhorse 7 Calzado de trail running para hombre')]}&#10;For documentation on this error, please visit: https://www.seleniumhq.org/exceptions/no_such_element.html&#10;Build info: version: '3.141.59', revision: 'e82be7d358', time: '2018-11-14T08:17:03'&#10;System info: host: 'LAPTOP-2KJNJ8HI', ip: '192.168.43.81', os.name: 'Windows 10', os.arch: 'amd64', os.version: '10.0', java.version: '11.0.13'&#10;Driver info: driver.version: unknown" type="org.openqa.selenium.NoSuchElementException">no such element: Unable to locate element: {"method":"xpath","selector":"//a[@class='ui-search-item__group__element ui-search-link']//h2[contains(text(),'Wildhorse 7 Calzado de trail running para hombre')]"}
  (Session info: chrome=96.0.4664.93)
For documentation on this error, please visit: https://www.seleniumhq.org/exceptions/no_such_element.html
Build info: version: '3.141.59', revision: 'e82be7d358', time: '2018-11-14T08:17:03'
System info: host: 'LAPTOP-2KJNJ8HI', ip: '192.168.43.81', os.name: 'Windows 10', os.arch: 'amd64', os.version: '10.0', java.version: '11.0.13'
Driver info: org.openqa.selenium.chrome.ChromeDriver
Capabilities {acceptInsecureCerts: false, browserName: chrome, browserVersion: 96.0.4664.93, chrome: {chromedriverVersion: 96.0.4664.45 (76e4c1bb2ab46..., userDataDir: C:\Users\Angie\AppData\Loca...}, goog:chromeOptions: {debuggerAddress: localhost:61580}, javascriptEnabled: true, networkConnectionEnabled: false, pageLoadStrategy: normal, platform: WINDOWS, platformName: WINDOWS, proxy: Proxy(), setWindowRect: true, strictFileInteractability: false, timeouts: {implicit: 0, pageLoad: 300000, script: 30000}, unhandledPromptBehavior: dismiss and notify, webauthn:extension:credBlob: true, webauthn:extension:largeBlob: true, webauthn:virtualAuthenticators: true}
Session ID: d6f9d43e010dc63ee29d539bcaef711b
*** Element info: {Using=xpath, value=//a[@class='ui-search-item__group__element ui-search-link']//h2[contains(text(),'Wildhorse 7 Calzado de trail running para hombre')]}
For documentation on this error, please visit: https://www.seleniumhq.org/exceptions/no_such_element.html
Build info: version: '3.141.59', revision: 'e82be7d358', time: '2018-11-14T08:17:03'
System info: host: 'LAPTOP-2KJNJ8HI', ip: '192.168.43.81', os.name: 'Windows 10', os.arch: 'amd64', os.version: '10.0', java.version: '11.0.13'
Driver info: driver.version: unknown</error><system-err>no such element: Unable to locate element: {"method":"xpath","selector":"//a[@class='ui-search-item__group__element ui-search-link']//h2[contains(text(),'Wildhorse 7 Calzado de trail running para hombre')]"}
  (Session info: chrome=96.0.4664.93)
For documentation on this error, please visit: https://www.seleniumhq.org/exceptions/no_such_element.html
Build info: version: '3.141.59', revision: 'e82be7d358', time: '2018-11-14T08:17:03'
System info: host: 'LAPTOP-2KJNJ8HI', ip: '192.168.43.81', os.name: 'Windows 10', os.arch: 'amd64', os.version: '10.0', java.version: '11.0.13'
Driver info: org.openqa.selenium.chrome.ChromeDriver
Capabilities {acceptInsecureCerts: false, browserName: chrome, browserVersion: 96.0.4664.93, chrome: {chromedriverVersion: 96.0.4664.45 (76e4c1bb2ab46..., userDataDir: C:\Users\Angie\AppData\Loca...}, goog:chromeOptions: {debuggerAddress: localhost:61580}, javascriptEnabled: true, networkConnectionEnabled: false, pageLoadStrategy: normal, platform: WINDOWS, platformName: WINDOWS, proxy: Proxy(), setWindowRect: true, strictFileInteractability: false, timeouts: {implicit: 0, pageLoad: 300000, script: 30000}, unhandledPromptBehavior: dismiss and notify, webauthn:extension:credBlob: true, webauthn:extension:largeBlob: true, webauthn:virtualAuthenticators: true}
Session ID: d6f9d43e010dc63ee29d539bcaef711b
*** Element info: {Using=xpath, value=//a[@class='ui-search-item__group__element ui-search-link']//h2[contains(text(),'Wildhorse 7 Calzado de trail running para hombre')]}
For documentation on this error, please visit: https://www.seleniumhq.org/exceptions/no_such_element.html
Build info: version: '3.141.59', revision: 'e82be7d358', time: '2018-11-14T08:17:03'
System info: host: 'LAPTOP-2KJNJ8HI', ip: '192.168.43.81', os.name: 'Windows 10', os.arch: 'amd64', os.version: '10.0', java.version: '11.0.13'
Driver info: driver.version: unknown&#13;
steps.NikeSteps.buscarElementoEnNike(NikeSteps.java:32)&#13;
stepsDefinitions.NikeBuscadorStepDefinition.busqueElProductoNikeWildhorseCalzadoDeTrailRunningParaHombre(NikeBuscadorStepDefinition.java:24)&#13;
✽.busque el producto Nike Wildhorse 7 Calzado de trail running para hombre(src/test/resources/features/nike.feature:12)&#13;
</system-err></testcase></testsuite>